[2023-09-05 18:21:28Z INFO HostContext] No proxy settings were found based on environmental variables (http_proxy/https_proxy/HTTP_PROXY/HTTPS_PROXY)
[2023-09-05 18:21:28Z INFO HostContext] Well known directory 'Bin': 'C:\Data\demo\bin'
[2023-09-05 18:21:28Z INFO HostContext] Well known directory 'Root': 'C:\Data\demo'
[2023-09-05 18:21:28Z INFO HostContext] Well known config file 'Credentials': 'C:\Data\demo\.credentials'
[2023-09-05 18:21:28Z INFO HostContext] Well known directory 'Bin': 'C:\Data\demo\bin'
[2023-09-05 18:21:28Z INFO HostContext] Well known directory 'Root': 'C:\Data\demo'
[2023-09-05 18:21:29Z INFO HostContext] Well known config file 'Runner': 'C:\Data\demo\.runner'
[2023-09-05 18:21:29Z INFO Listener] Runner is built for Windows (X64) - win-x64.
[2023-09-05 18:21:29Z INFO Listener] RuntimeInformation: Microsoft Windows 10.0.19045.
[2023-09-05 18:21:29Z INFO Listener] Version: 2.308.0
[2023-09-05 18:21:29Z INFO Listener] Commit: 7f7ff150c6d2ee316c523be6325188853dfae45d
[2023-09-05 18:21:29Z INFO Listener] Culture: en-US
[2023-09-05 18:21:29Z INFO Listener] UI Culture: en-US
[2023-09-05 18:21:29Z INFO HostContext] Well known directory 'Bin': 'C:\Data\demo\bin'
[2023-09-05 18:21:29Z INFO HostContext] Well known directory 'Root': 'C:\Data\demo'
[2023-09-05 18:21:29Z INFO Listener] Validating directory permissions for: 'C:\Data\demo'
[2023-09-05 18:21:29Z INFO CommandLineParser] Parse
[2023-09-05 18:21:29Z INFO CommandLineParser] Parsing 5 args
[2023-09-05 18:21:29Z INFO CommandLineParser] parsing argument
[2023-09-05 18:21:29Z INFO CommandLineParser] HasArgs: False
[2023-09-05 18:21:29Z INFO CommandLineParser] Adding Command: configure
[2023-09-05 18:21:29Z INFO CommandLineParser] parsing argument
[2023-09-05 18:21:29Z INFO CommandLineParser] HasArgs: True
[2023-09-05 18:21:29Z INFO CommandLineParser] arg: url
[2023-09-05 18:21:29Z INFO CommandLineParser] parsing argument
[2023-09-05 18:21:29Z INFO CommandLineParser] HasArgs: True
[2023-09-05 18:21:29Z INFO CommandLineParser] Adding option 'url': 'https://github.com/Kanishka1425/demo'
[2023-09-05 18:21:29Z INFO CommandLineParser] parsing argument
[2023-09-05 18:21:29Z INFO CommandLineParser] HasArgs: True
[2023-09-05 18:21:29Z INFO CommandLineParser] arg: token
[2023-09-05 18:21:29Z INFO CommandLineParser] parsing argument
[2023-09-05 18:21:29Z INFO CommandLineParser] HasArgs: True
[2023-09-05 18:21:29Z INFO CommandLineParser] Adding option 'token': '***'
[2023-09-05 18:21:29Z INFO Listener] Arguments parsed
[2023-09-05 18:21:29Z INFO Runner] ExecuteCommand
[2023-09-05 18:21:29Z INFO ConfigurationStore] currentAssemblyLocation: C:\Data\demo\bin\Runner.Listener.dll
[2023-09-05 18:21:29Z INFO HostContext] Well known directory 'Bin': 'C:\Data\demo\bin'
[2023-09-05 18:21:29Z INFO ConfigurationStore] binPath: C:\Data\demo\bin
[2023-09-05 18:21:29Z INFO HostContext] Well known directory 'Bin': 'C:\Data\demo\bin'
[2023-09-05 18:21:29Z INFO HostContext] Well known directory 'Root': 'C:\Data\demo'
[2023-09-05 18:21:29Z INFO ConfigurationStore] RootFolder: C:\Data\demo
[2023-09-05 18:21:29Z INFO HostContext] Well known directory 'Bin': 'C:\Data\demo\bin'
[2023-09-05 18:21:29Z INFO HostContext] Well known directory 'Root': 'C:\Data\demo'
[2023-09-05 18:21:29Z INFO HostContext] Well known config file 'Runner': 'C:\Data\demo\.runner'
[2023-09-05 18:21:29Z INFO ConfigurationStore] ConfigFilePath: C:\Data\demo\.runner
[2023-09-05 18:21:29Z INFO HostContext] Well known directory 'Bin': 'C:\Data\demo\bin'
[2023-09-05 18:21:29Z INFO HostContext] Well known directory 'Root': 'C:\Data\demo'
[2023-09-05 18:21:29Z INFO HostContext] Well known config file 'Credentials': 'C:\Data\demo\.credentials'
[2023-09-05 18:21:29Z INFO ConfigurationStore] CredFilePath: C:\Data\demo\.credentials
[2023-09-05 18:21:29Z INFO HostContext] Well known directory 'Bin': 'C:\Data\demo\bin'
[2023-09-05 18:21:29Z INFO HostContext] Well known directory 'Root': 'C:\Data\demo'
[2023-09-05 18:21:29Z INFO HostContext] Well known config file 'MigratedCredentials': 'C:\Data\demo\.credentials_migrated'
[2023-09-05 18:21:29Z INFO ConfigurationStore] MigratedCredFilePath: C:\Data\demo\.credentials_migrated
[2023-09-05 18:21:29Z INFO HostContext] Well known directory 'Bin': 'C:\Data\demo\bin'
[2023-09-05 18:21:29Z INFO HostContext] Well known directory 'Root': 'C:\Data\demo'
[2023-09-05 18:21:29Z INFO HostContext] Well known config file 'Service': 'C:\Data\demo\.service'
[2023-09-05 18:21:29Z INFO ConfigurationStore] ServiceConfigFilePath: C:\Data\demo\.service
[2023-09-05 18:21:29Z INFO CommandSettings] Flag 'help': 'False'
[2023-09-05 18:21:29Z INFO CommandSettings] Flag 'version': 'False'
[2023-09-05 18:21:29Z INFO CommandSettings] Flag 'commit': 'False'
[2023-09-05 18:21:29Z INFO CommandSettings] Flag 'check': 'False'
[2023-09-05 18:21:29Z INFO CommandSettings] Command 'configure': 'True'
[2023-09-05 18:21:29Z INFO Terminal] WRITE LINE: 
[2023-09-05 18:21:29Z INFO Terminal] WRITE LINE: --------------------------------------------------------------------------------
[2023-09-05 18:21:29Z INFO Terminal] WRITE LINE: |        ____ _ _   _   _       _          _        _   _                      |
[2023-09-05 18:21:29Z INFO Terminal] WRITE LINE: |       / ___(_) |_| | | |_   _| |__      / \   ___| |_(_) ___  _ __  ___      |
[2023-09-05 18:21:29Z INFO Terminal] WRITE LINE: |      | |  _| | __| |_| | | | | '_ \    / _ \ / __| __| |/ _ \| '_ \/ __|     |
[2023-09-05 18:21:29Z INFO Terminal] WRITE LINE: |      | |_| | | |_|  _  | |_| | |_) |  / ___ \ (__| |_| | (_) | | | \__ \     |
[2023-09-05 18:21:29Z INFO Terminal] WRITE LINE: |       \____|_|\__|_| |_|\__,_|_.__/  /_/   \_\___|\__|_|\___/|_| |_|___/     |
[2023-09-05 18:21:29Z INFO Terminal] WRITE LINE: |                                                                              |
[2023-09-05 18:21:29Z INFO Terminal] WRITE: |                       
[2023-09-05 18:21:29Z INFO Terminal] WRITE: Self-hosted runner registration
[2023-09-05 18:21:29Z INFO Terminal] WRITE LINE:                         |
[2023-09-05 18:21:29Z INFO Terminal] WRITE LINE: |                                                                              |
[2023-09-05 18:21:29Z INFO Terminal] WRITE LINE: --------------------------------------------------------------------------------
[2023-09-05 18:21:29Z INFO ConfigurationManager] ConfigureAsync
[2023-09-05 18:21:29Z INFO CommandSettings] Flag 'generateServiceConfig': 'False'
[2023-09-05 18:21:29Z INFO ConfigurationStore] IsConfigured()
[2023-09-05 18:21:29Z INFO ConfigurationStore] IsConfigured: False
[2023-09-05 18:21:29Z INFO ConfigurationManager] Is configured: False
[2023-09-05 18:21:29Z INFO CommandSettings] Arg 'url': 'https://github.com/Kanishka1425/demo'
[2023-09-05 18:21:29Z INFO CommandSettings] Remove url from Arg dictionary.
[2023-09-05 18:21:29Z INFO CommandSettings] Arg 'token': '***'
[2023-09-05 18:21:29Z INFO CommandSettings] Remove token from Arg dictionary.
[2023-09-05 18:21:32Z INFO ConfigurationManager] Http response code: OK from 'POST https://api.github.com/actions/runner-registration' (E016:184B06:167211:17FC3F:64F771AC)
[2023-09-05 18:21:32Z INFO ConfigurationManager] Using V2 flow: False
[2023-09-05 18:21:32Z INFO ConfigurationManager] cred retrieved via GitHub auth
[2023-09-05 18:21:32Z INFO RunnerServer] EstablishVssConnection
[2023-09-05 18:21:32Z INFO RunnerServer] Establish connection with 100 seconds timeout.
[2023-09-05 18:21:32Z INFO GitHubActionsService] Starting operation Location.GetConnectionData
[2023-09-05 18:21:32Z INFO RunnerServer] EstablishVssConnection
[2023-09-05 18:21:32Z INFO RunnerServer] Establish connection with 60 seconds timeout.
[2023-09-05 18:21:32Z INFO GitHubActionsService] Starting operation Location.GetConnectionData
[2023-09-05 18:21:32Z INFO RunnerServer] EstablishVssConnection
[2023-09-05 18:21:32Z INFO RunnerServer] Establish connection with 60 seconds timeout.
[2023-09-05 18:21:32Z INFO GitHubActionsService] Starting operation Location.GetConnectionData
[2023-09-05 18:21:33Z INFO GitHubActionsService] Finished operation Location.GetConnectionData
[2023-09-05 18:21:33Z INFO GitHubActionsService] Finished operation Location.GetConnectionData
[2023-09-05 18:21:33Z INFO GitHubActionsService] Finished operation Location.GetConnectionData
[2023-09-05 18:21:33Z INFO Terminal] WRITE LINE: 
[2023-09-05 18:21:33Z INFO ConfigurationManager] Test Connection complete.
[2023-09-05 18:21:33Z INFO HostContext] Well known directory 'Bin': 'C:\Data\demo\bin'
[2023-09-05 18:21:33Z INFO HostContext] Well known directory 'Root': 'C:\Data\demo'
[2023-09-05 18:21:33Z INFO HostContext] Well known config file 'RSACredentials': 'C:\Data\demo\.credentials_rsaparams'
[2023-09-05 18:21:33Z INFO RSAEncryptedFileKeyManager] Found existing RSA key parameters file C:\Data\demo\.credentials_rsaparams
[2023-09-05 18:21:34Z INFO CommandSettings] Arg 'runnergroup': ''
[2023-09-05 18:21:34Z INFO CommandSettings] Flag 'unattended': 'False'
[2023-09-05 18:21:34Z INFO PromptManager] ReadValue
[2023-09-05 18:21:34Z INFO Terminal] WRITE: Enter the name of the runner group to add this runner to: 
[2023-09-05 18:21:34Z INFO Terminal] WRITE: [press Enter for Default] 
[2023-09-05 18:21:34Z INFO Terminal] READ LINE
[2023-09-05 18:22:21Z INFO Terminal] Read value: ''
[2023-09-05 18:22:21Z INFO PromptManager] Falling back to the default: 'Default'
[2023-09-05 18:22:21Z INFO Terminal] WRITE LINE: 
[2023-09-05 18:22:21Z INFO ConfigurationManager] Found a self-hosted runner group with id 1 and name Default
[2023-09-05 18:22:21Z INFO CommandSettings] Flag 'disableupdate': 'False'
[2023-09-05 18:22:21Z INFO CommandSettings] Flag 'ephemeral': 'False'
[2023-09-05 18:22:21Z INFO CommandSettings] Arg 'name': ''
[2023-09-05 18:22:21Z INFO CommandSettings] Flag 'unattended': 'False'
[2023-09-05 18:22:21Z INFO PromptManager] ReadValue
[2023-09-05 18:22:21Z INFO Terminal] WRITE: Enter the name of runner: 
[2023-09-05 18:22:21Z INFO Terminal] WRITE: [press Enter for YY306278] 
[2023-09-05 18:22:21Z INFO Terminal] READ LINE
[2023-09-05 18:22:27Z INFO Terminal] Read value: 'runner1'
[2023-09-05 18:22:27Z INFO Terminal] WRITE LINE: 
[2023-09-05 18:22:27Z INFO CommandSettings] Arg 'labels': ''
[2023-09-05 18:22:27Z INFO CommandSettings] Flag 'unattended': 'False'
[2023-09-05 18:22:27Z INFO PromptManager] ReadValue
[2023-09-05 18:22:27Z INFO Terminal] WRITE: This runner will have the following labels: 'self-hosted', 'Windows', 'X64' 
Enter any additional labels (ex. label-1,label-2): 
[2023-09-05 18:22:27Z INFO Terminal] WRITE: [press Enter to skip] 
[2023-09-05 18:22:27Z INFO Terminal] READ LINE
[2023-09-05 18:22:29Z INFO Terminal] Read value: ''
[2023-09-05 18:22:29Z INFO Terminal] WRITE LINE: 
[2023-09-05 18:22:30Z INFO CommandSettings] Flag 'disableupdate': 'False'
[2023-09-05 18:22:30Z INFO CommandSettings] Flag 'no-default-labels': 'False'
[2023-09-05 18:22:30Z INFO CommandSettings] Flag 'disableupdate': 'False'
[2023-09-05 18:22:30Z INFO CommandSettings] Flag 'ephemeral': 'False'
[2023-09-05 18:22:30Z INFO ConfigurationStore] Saving OAuth credential @ C:\Data\demo\.credentials
[2023-09-05 18:22:30Z INFO ConfigurationStore] Credentials Saved.
[2023-09-05 18:22:30Z INFO ConfigurationStore] HasCredentials()
[2023-09-05 18:22:30Z INFO ConfigurationStore] stored True
[2023-09-05 18:22:30Z INFO CredentialManager] GetCredentialProvider
[2023-09-05 18:22:30Z INFO CredentialManager] Creating type OAuth
[2023-09-05 18:22:30Z INFO CredentialManager] Creating credential type: OAuth
[2023-09-05 18:22:30Z INFO RSAEncryptedFileKeyManager] Loading RSA key parameters from file C:\Data\demo\.credentials_rsaparams
[2023-09-05 18:22:30Z INFO RunnerServer] EstablishVssConnection
[2023-09-05 18:22:30Z INFO RunnerServer] Establish connection with 100 seconds timeout.
[2023-09-05 18:22:30Z INFO GitHubActionsService] Starting operation Location.GetConnectionData
[2023-09-05 18:22:30Z INFO RunnerServer] EstablishVssConnection
[2023-09-05 18:22:30Z INFO RunnerServer] Establish connection with 60 seconds timeout.
[2023-09-05 18:22:30Z INFO GitHubActionsService] Starting operation Location.GetConnectionData
[2023-09-05 18:22:30Z INFO RunnerServer] EstablishVssConnection
[2023-09-05 18:22:30Z INFO RunnerServer] Establish connection with 60 seconds timeout.
[2023-09-05 18:22:30Z INFO GitHubActionsService] Starting operation Location.GetConnectionData
[2023-09-05 18:22:31Z INFO GitHubActionsService] Finished operation Location.GetConnectionData
[2023-09-05 18:22:31Z INFO GitHubActionsService] Finished operation Location.GetConnectionData
[2023-09-05 18:22:31Z INFO GitHubActionsService] Finished operation Location.GetConnectionData
[2023-09-05 18:22:32Z INFO RSAEncryptedFileKeyManager] Loading RSA key parameters from file C:\Data\demo\.credentials_rsaparams
[2023-09-05 18:22:32Z INFO RSAEncryptedFileKeyManager] Loading RSA key parameters from file C:\Data\demo\.credentials_rsaparams
[2023-09-05 18:22:33Z INFO GitHubActionsService] AAD Correlation ID for this token request: Unknown
[2023-09-05 18:22:33Z INFO CommandSettings] Arg 'work': ''
[2023-09-05 18:22:33Z INFO CommandSettings] Flag 'unattended': 'False'
[2023-09-05 18:22:33Z INFO PromptManager] ReadValue
[2023-09-05 18:22:33Z INFO Terminal] WRITE: Enter name of work folder: 
[2023-09-05 18:22:33Z INFO Terminal] WRITE: [press Enter for _work] 
[2023-09-05 18:22:33Z INFO Terminal] READ LINE
[2023-09-05 18:22:41Z INFO Terminal] Read value: ''
[2023-09-05 18:22:41Z INFO PromptManager] Falling back to the default: '_work'
[2023-09-05 18:22:41Z INFO ConfigurationStore] Saving runner settings.
[2023-09-05 18:22:41Z INFO ConfigurationStore] Settings Saved.
[2023-09-05 18:22:41Z INFO Terminal] WRITE LINE: 
[2023-09-05 18:22:41Z INFO Terminal] WRITE LINE: 
[2023-09-05 18:22:41Z INFO CommandSettings] Flag 'runasservice': 'False'
[2023-09-05 18:22:41Z INFO CommandSettings] Flag 'unattended': 'False'
[2023-09-05 18:22:41Z INFO PromptManager] ReadValue
[2023-09-05 18:22:41Z INFO Terminal] WRITE: Would you like to run the runner as service? (Y/N) 
[2023-09-05 18:22:41Z INFO Terminal] WRITE: [press Enter for N] 
[2023-09-05 18:22:41Z INFO Terminal] READ LINE
[2023-09-05 18:22:44Z INFO Terminal] Read value: 'Y'
[2023-09-05 18:22:44Z INFO ConfigurationManager] Configuring to run the agent as service
[2023-09-05 18:22:44Z ERR  WindowsServiceControlManager] Needs Administrator privileges for configure runner as windows service.
[2023-09-05 18:22:45Z ERR  Runner] System.Security.SecurityException: Needs Administrator privileges for configuring runner as windows service.
   at GitHub.Runner.Listener.Configuration.WindowsServiceControlManager.ConfigureService(RunnerSettings settings, CommandSettings command)
   at GitHub.Runner.Listener.Configuration.ConfigurationManager.ConfigureAsync(CommandSettings command)
   at GitHub.Runner.Listener.Runner.ExecuteCommand(CommandSettings command)
[2023-09-05 18:22:45Z ERR  Terminal] WRITE ERROR: Needs Administrator privileges for configuring runner as windows service.
[2023-09-05 18:22:45Z INFO Listener] Runner execution has finished with return code 1
