[2023-09-05 18:28:43Z INFO HostContext] No proxy settings were found based on environmental variables (http_proxy/https_proxy/HTTP_PROXY/HTTPS_PROXY)
[2023-09-05 18:28:43Z INFO HostContext] Well known directory 'Bin': 'C:\Data\demo\bin'
[2023-09-05 18:28:43Z INFO HostContext] Well known directory 'Root': 'C:\Data\demo'
[2023-09-05 18:28:43Z INFO HostContext] Well known config file 'Credentials': 'C:\Data\demo\.credentials'
[2023-09-05 18:28:43Z INFO HostContext] Well known directory 'Bin': 'C:\Data\demo\bin'
[2023-09-05 18:28:43Z INFO HostContext] Well known directory 'Root': 'C:\Data\demo'
[2023-09-05 18:28:43Z INFO HostContext] Well known config file 'Runner': 'C:\Data\demo\.runner'
[2023-09-05 18:28:43Z INFO Listener] Runner is built for Windows (X64) - win-x64.
[2023-09-05 18:28:43Z INFO Listener] RuntimeInformation: Microsoft Windows 10.0.19045.
[2023-09-05 18:28:43Z INFO Listener] Version: 2.308.0
[2023-09-05 18:28:43Z INFO Listener] Commit: 7f7ff150c6d2ee316c523be6325188853dfae45d
[2023-09-05 18:28:43Z INFO Listener] Culture: en-US
[2023-09-05 18:28:43Z INFO Listener] UI Culture: en-US
[2023-09-05 18:28:43Z INFO HostContext] Well known directory 'Bin': 'C:\Data\demo\bin'
[2023-09-05 18:28:43Z INFO HostContext] Well known directory 'Root': 'C:\Data\demo'
[2023-09-05 18:28:43Z INFO Listener] Validating directory permissions for: 'C:\Data\demo'
[2023-09-05 18:28:43Z INFO CommandLineParser] Parse
[2023-09-05 18:28:43Z INFO CommandLineParser] Parsing 1 args
[2023-09-05 18:28:43Z INFO CommandLineParser] parsing argument
[2023-09-05 18:28:43Z INFO CommandLineParser] HasArgs: False
[2023-09-05 18:28:43Z INFO CommandLineParser] Adding Command: run
[2023-09-05 18:28:43Z INFO Listener] Arguments parsed
[2023-09-05 18:28:43Z INFO Runner] ExecuteCommand
[2023-09-05 18:28:43Z INFO ConfigurationStore] currentAssemblyLocation: C:\Data\demo\bin\Runner.Listener.dll
[2023-09-05 18:28:43Z INFO HostContext] Well known directory 'Bin': 'C:\Data\demo\bin'
[2023-09-05 18:28:43Z INFO ConfigurationStore] binPath: C:\Data\demo\bin
[2023-09-05 18:28:43Z INFO HostContext] Well known directory 'Bin': 'C:\Data\demo\bin'
[2023-09-05 18:28:43Z INFO HostContext] Well known directory 'Root': 'C:\Data\demo'
[2023-09-05 18:28:43Z INFO ConfigurationStore] RootFolder: C:\Data\demo
[2023-09-05 18:28:43Z INFO HostContext] Well known directory 'Bin': 'C:\Data\demo\bin'
[2023-09-05 18:28:43Z INFO HostContext] Well known directory 'Root': 'C:\Data\demo'
[2023-09-05 18:28:43Z INFO HostContext] Well known config file 'Runner': 'C:\Data\demo\.runner'
[2023-09-05 18:28:43Z INFO ConfigurationStore] ConfigFilePath: C:\Data\demo\.runner
[2023-09-05 18:28:43Z INFO HostContext] Well known directory 'Bin': 'C:\Data\demo\bin'
[2023-09-05 18:28:43Z INFO HostContext] Well known directory 'Root': 'C:\Data\demo'
[2023-09-05 18:28:43Z INFO HostContext] Well known config file 'Credentials': 'C:\Data\demo\.credentials'
[2023-09-05 18:28:43Z INFO ConfigurationStore] CredFilePath: C:\Data\demo\.credentials
[2023-09-05 18:28:43Z INFO HostContext] Well known directory 'Bin': 'C:\Data\demo\bin'
[2023-09-05 18:28:43Z INFO HostContext] Well known directory 'Root': 'C:\Data\demo'
[2023-09-05 18:28:43Z INFO HostContext] Well known config file 'MigratedCredentials': 'C:\Data\demo\.credentials_migrated'
[2023-09-05 18:28:43Z INFO ConfigurationStore] MigratedCredFilePath: C:\Data\demo\.credentials_migrated
[2023-09-05 18:28:43Z INFO HostContext] Well known directory 'Bin': 'C:\Data\demo\bin'
[2023-09-05 18:28:43Z INFO HostContext] Well known directory 'Root': 'C:\Data\demo'
[2023-09-05 18:28:43Z INFO HostContext] Well known config file 'Service': 'C:\Data\demo\.service'
[2023-09-05 18:28:43Z INFO ConfigurationStore] ServiceConfigFilePath: C:\Data\demo\.service
[2023-09-05 18:28:43Z INFO CommandSettings] Flag 'help': 'False'
[2023-09-05 18:28:43Z INFO CommandSettings] Flag 'version': 'False'
[2023-09-05 18:28:43Z INFO CommandSettings] Flag 'commit': 'False'
[2023-09-05 18:28:43Z INFO CommandSettings] Flag 'check': 'False'
[2023-09-05 18:28:43Z INFO CommandSettings] Command 'configure': 'False'
[2023-09-05 18:28:43Z INFO CommandSettings] Command 'remove': 'False'
[2023-09-05 18:28:43Z INFO CommandSettings] Command 'warmup': 'False'
[2023-09-05 18:28:43Z INFO ConfigurationManager] LoadSettings
[2023-09-05 18:28:43Z INFO ConfigurationStore] IsConfigured()
[2023-09-05 18:28:43Z INFO ConfigurationStore] IsConfigured: True
[2023-09-05 18:28:43Z INFO ConfigurationManager] Is configured: True
[2023-09-05 18:28:43Z INFO ConfigurationStore] Read setting file: 291 chars
[2023-09-05 18:28:43Z INFO ConfigurationManager] Settings Loaded
[2023-09-05 18:28:43Z INFO ConfigurationStore] IsServiceConfigured()
[2023-09-05 18:28:43Z INFO ConfigurationStore] IsServiceConfigured: False
[2023-09-05 18:28:43Z INFO CommandSettings] Command 'run': 'True'
[2023-09-05 18:28:43Z INFO ConfigurationStore] IsConfigured()
[2023-09-05 18:28:43Z INFO ConfigurationStore] IsConfigured: True
[2023-09-05 18:28:43Z INFO ConfigurationManager] Is configured: True
[2023-09-05 18:28:43Z INFO Runner] Could not parse the argument value '' for StartupType. Defaulting to Manual
[2023-09-05 18:28:43Z INFO Runner] Set runner startup type - Manual
[2023-09-05 18:28:43Z INFO CommandSettings] Flag 'once': 'False'
[2023-09-05 18:28:43Z INFO CommandSettings] Flag 'once': 'False'
[2023-09-05 18:28:43Z INFO Runner] RunAsync
[2023-09-05 18:28:43Z INFO ConfigurationManager] LoadSettings
[2023-09-05 18:28:43Z INFO ConfigurationStore] IsConfigured()
[2023-09-05 18:28:43Z INFO ConfigurationStore] IsConfigured: True
[2023-09-05 18:28:43Z INFO ConfigurationManager] Is configured: True
[2023-09-05 18:28:43Z INFO ConfigurationManager] Settings Loaded
[2023-09-05 18:28:43Z INFO MessageListener] {
  "AgentId": 22,
  "AgentName": "runner1",
  "PoolId": 1,
  "PoolName": "Default",
  "ServerUrl": "https://pipelines.actions.githubusercontent.com/1z6R8PTYVkAFJWRv5zSCddtVuwFQqcFGlxttQVRYFazaAZza9T/",
  "GitHubUrl": "https://github.com/Kanishka1425/demo",
  "WorkFolder": "_work"
}
[2023-09-05 18:28:43Z INFO MessageListener] Loading Credentials
[2023-09-05 18:28:43Z INFO ConfigurationStore] HasCredentials()
[2023-09-05 18:28:43Z INFO ConfigurationStore] stored True
[2023-09-05 18:28:43Z INFO CredentialManager] GetCredentialProvider
[2023-09-05 18:28:43Z INFO CredentialManager] Creating type OAuth
[2023-09-05 18:28:43Z INFO CredentialManager] Creating credential type: OAuth
[2023-09-05 18:28:43Z INFO HostContext] Well known directory 'Bin': 'C:\Data\demo\bin'
[2023-09-05 18:28:43Z INFO HostContext] Well known directory 'Root': 'C:\Data\demo'
[2023-09-05 18:28:43Z INFO HostContext] Well known config file 'RSACredentials': 'C:\Data\demo\.credentials_rsaparams'
[2023-09-05 18:28:43Z INFO RSAEncryptedFileKeyManager] Loading RSA key parameters from file C:\Data\demo\.credentials_rsaparams
[2023-09-05 18:28:43Z INFO MessageListener] Attempt to create session.
[2023-09-05 18:28:43Z INFO MessageListener] Connecting to the Runner Server...
[2023-09-05 18:28:43Z INFO RunnerServer] EstablishVssConnection
[2023-09-05 18:28:43Z INFO RunnerServer] Establish connection with 100 seconds timeout.
[2023-09-05 18:28:43Z INFO GitHubActionsService] Starting operation Location.GetConnectionData
[2023-09-05 18:28:43Z INFO RunnerServer] EstablishVssConnection
[2023-09-05 18:28:43Z INFO RunnerServer] Establish connection with 60 seconds timeout.
[2023-09-05 18:28:43Z INFO GitHubActionsService] Starting operation Location.GetConnectionData
[2023-09-05 18:28:43Z INFO RunnerServer] EstablishVssConnection
[2023-09-05 18:28:43Z INFO RunnerServer] Establish connection with 60 seconds timeout.
[2023-09-05 18:28:43Z INFO GitHubActionsService] Starting operation Location.GetConnectionData
[2023-09-05 18:28:44Z INFO GitHubActionsService] Finished operation Location.GetConnectionData
[2023-09-05 18:28:44Z INFO GitHubActionsService] Finished operation Location.GetConnectionData
[2023-09-05 18:28:44Z INFO GitHubActionsService] Finished operation Location.GetConnectionData
[2023-09-05 18:28:44Z INFO MessageListener] VssConnection created
[2023-09-05 18:28:44Z INFO Terminal] WRITE LINE: 
[2023-09-05 18:28:44Z INFO Terminal] WRITE LINE: 
[2023-09-05 18:28:45Z INFO RSAEncryptedFileKeyManager] Loading RSA key parameters from file C:\Data\demo\.credentials_rsaparams
[2023-09-05 18:28:45Z INFO RSAEncryptedFileKeyManager] Loading RSA key parameters from file C:\Data\demo\.credentials_rsaparams
[2023-09-05 18:28:46Z INFO GitHubActionsService] AAD Correlation ID for this token request: Unknown
[2023-09-05 18:28:46Z INFO MessageListener] Session created.
[2023-09-05 18:28:46Z INFO Terminal] WRITE LINE: Current runner version: '2.308.0'
[2023-09-05 18:28:46Z INFO Terminal] WRITE LINE: 2023-09-05 18:28:46Z: Listening for Jobs
[2023-09-05 18:28:46Z INFO JobDispatcher] Set runner/worker IPC timeout to 30 seconds.
[2023-09-05 18:36:46Z INFO RSAEncryptedFileKeyManager] Loading RSA key parameters from file C:\Data\demo\.credentials_rsaparams
[2023-09-05 18:36:46Z INFO MessageListener] Message '1' received from session '8c1cb8b8-90d5-4506-a915-10b60412fc7a'.
[2023-09-05 18:36:46Z INFO Runner] Received job message of length 19671 from service, with hash '142f2df1de3e46e690f30211780272b2459c422485fbf7d2e69e532fa0acedc6'
[2023-09-05 18:36:46Z INFO JobDispatcher] Job request 120 for plan db762311-6dcd-4440-b33f-25bd18b44186 job ca395085-040a-526b-2ce8-bdc85f692774 received.
[2023-09-05 18:36:46Z INFO JobDispatcher] Pull OrchestrationId db762311-6dcd-4440-b33f-25bd18b44186.build.__default from JWT claims
[2023-09-05 18:36:46Z INFO Terminal] WRITE LINE: 2023-09-05 18:36:46Z: Running job: build
[2023-09-05 18:36:46Z INFO JobDispatcher] Start renew job request 120 for job ca395085-040a-526b-2ce8-bdc85f692774.
[2023-09-05 18:36:47Z INFO JobDispatcher] Successfully renew job request 120, job is valid till 9/5/2023 6:46:47 PM
[2023-09-05 18:36:47Z INFO HostContext] Well known directory 'Bin': 'C:\Data\demo\bin'
[2023-09-05 18:36:48Z INFO ProcessInvokerWrapper] Starting process:
[2023-09-05 18:36:48Z INFO ProcessInvokerWrapper]   File name: 'C:\Data\demo\bin\Runner.Worker.exe'
[2023-09-05 18:36:48Z INFO ProcessInvokerWrapper]   Arguments: 'spawnclient 2652 2664'
[2023-09-05 18:36:48Z INFO ProcessInvokerWrapper]   Working directory: 'C:\Data\demo\bin'
[2023-09-05 18:36:48Z INFO ProcessInvokerWrapper]   Require exit code zero: 'False'
[2023-09-05 18:36:48Z INFO ProcessInvokerWrapper]   Encoding web name:  ; code page: ''
[2023-09-05 18:36:48Z INFO ProcessInvokerWrapper]   Force kill process on cancellation: 'True'
[2023-09-05 18:36:48Z INFO ProcessInvokerWrapper]   Redirected STDIN: 'False'
[2023-09-05 18:36:48Z INFO ProcessInvokerWrapper]   Persist current code page: 'False'
[2023-09-05 18:36:48Z INFO ProcessInvokerWrapper]   Keep redirected STDIN open: 'False'
[2023-09-05 18:36:48Z INFO ProcessInvokerWrapper]   High priority process: 'True'
[2023-09-05 18:36:48Z INFO ProcessInvokerWrapper] Process started with process id 5788, waiting for process exit.
[2023-09-05 18:36:48Z INFO JobDispatcher] Send job request message to worker for job ca395085-040a-526b-2ce8-bdc85f692774.
[2023-09-05 18:36:48Z INFO ProcessChannel] Sending message of length 19671, with hash '142f2df1de3e46e690f30211780272b2459c422485fbf7d2e69e532fa0acedc6'
[2023-09-05 18:36:51Z INFO JobNotification] Entering JobStarted Notification
[2023-09-05 18:36:51Z INFO JobNotification] Entering StartMonitor
[2023-09-05 18:37:49Z INFO JobDispatcher] Successfully renew job request 120, job is valid till 9/5/2023 6:47:49 PM
[2023-09-05 18:38:05Z INFO ProcessInvokerWrapper] STDOUT/STDERR stream read finished.
[2023-09-05 18:38:05Z INFO ProcessInvokerWrapper] STDOUT/STDERR stream read finished.
[2023-09-05 18:38:05Z INFO ProcessInvokerWrapper] Finished process 5788 with exit code 102, and elapsed time 00:01:17.5681441.
[2023-09-05 18:38:05Z INFO JobDispatcher] Worker finished for job ca395085-040a-526b-2ce8-bdc85f692774. Code: 102
[2023-09-05 18:38:05Z INFO JobDispatcher] finish job request for job ca395085-040a-526b-2ce8-bdc85f692774 with result: Failed
[2023-09-05 18:38:05Z INFO Terminal] WRITE LINE: 2023-09-05 18:38:05Z: Job build completed with result: Failed
[2023-09-05 18:38:05Z INFO JobDispatcher] Stop renew job request for job ca395085-040a-526b-2ce8-bdc85f692774.
[2023-09-05 18:38:05Z INFO JobDispatcher] job renew has been cancelled, stop renew job request 120.
[2023-09-05 18:38:05Z INFO JobNotification] Entering JobCompleted Notification
[2023-09-05 18:38:05Z INFO JobNotification] Entering EndMonitor
[2023-09-05 18:38:07Z INFO RSAEncryptedFileKeyManager] Loading RSA key parameters from file C:\Data\demo\.credentials_rsaparams
[2023-09-05 18:38:07Z INFO MessageListener] Message '2' received from session '8c1cb8b8-90d5-4506-a915-10b60412fc7a'.
[2023-09-05 18:38:07Z INFO Runner] Received job message of length 19671 from service, with hash 'd926734b79ee69c2e42491bea544eca238eb375b7b2a12fbbd66fd20ac8289a5'
[2023-09-05 18:38:07Z INFO JobDispatcher] Job request 121 for plan 215cd01c-ef59-4f14-b897-20118747f6d0 job ca395085-040a-526b-2ce8-bdc85f692774 received.
[2023-09-05 18:38:07Z INFO JobDispatcher] Pull OrchestrationId 215cd01c-ef59-4f14-b897-20118747f6d0.build.__default from JWT claims
[2023-09-05 18:38:07Z INFO JobDispatcher] Job request ca395085-040a-526b-2ce8-bdc85f692774 processed succeed.
[2023-09-05 18:38:07Z INFO Terminal] WRITE LINE: 2023-09-05 18:38:07Z: Running job: build
[2023-09-05 18:38:07Z INFO JobDispatcher] Start renew job request 121 for job ca395085-040a-526b-2ce8-bdc85f692774.
[2023-09-05 18:38:08Z INFO JobDispatcher] Successfully renew job request 121, job is valid till 9/5/2023 6:48:08 PM
[2023-09-05 18:38:08Z INFO HostContext] Well known directory 'Bin': 'C:\Data\demo\bin'
[2023-09-05 18:38:08Z INFO ProcessInvokerWrapper] Starting process:
[2023-09-05 18:38:08Z INFO ProcessInvokerWrapper]   File name: 'C:\Data\demo\bin\Runner.Worker.exe'
[2023-09-05 18:38:08Z INFO ProcessInvokerWrapper]   Arguments: 'spawnclient 2660 2584'
[2023-09-05 18:38:08Z INFO ProcessInvokerWrapper]   Working directory: 'C:\Data\demo\bin'
[2023-09-05 18:38:08Z INFO ProcessInvokerWrapper]   Require exit code zero: 'False'
[2023-09-05 18:38:08Z INFO ProcessInvokerWrapper]   Encoding web name:  ; code page: ''
[2023-09-05 18:38:08Z INFO ProcessInvokerWrapper]   Force kill process on cancellation: 'True'
[2023-09-05 18:38:08Z INFO ProcessInvokerWrapper]   Redirected STDIN: 'False'
[2023-09-05 18:38:08Z INFO ProcessInvokerWrapper]   Persist current code page: 'False'
[2023-09-05 18:38:08Z INFO ProcessInvokerWrapper]   Keep redirected STDIN open: 'False'
[2023-09-05 18:38:08Z INFO ProcessInvokerWrapper]   High priority process: 'True'
[2023-09-05 18:38:08Z INFO ProcessInvokerWrapper] Process started with process id 17640, waiting for process exit.
[2023-09-05 18:38:08Z INFO JobDispatcher] Send job request message to worker for job ca395085-040a-526b-2ce8-bdc85f692774.
[2023-09-05 18:38:08Z INFO ProcessChannel] Sending message of length 19671, with hash 'd926734b79ee69c2e42491bea544eca238eb375b7b2a12fbbd66fd20ac8289a5'
[2023-09-05 18:38:08Z INFO JobNotification] Entering JobStarted Notification
[2023-09-05 18:38:08Z INFO JobNotification] Entering StartMonitor
[2023-09-05 18:39:08Z INFO JobDispatcher] Successfully renew job request 121, job is valid till 9/5/2023 6:49:08 PM
[2023-09-05 18:39:26Z INFO ProcessInvokerWrapper] STDOUT/STDERR stream read finished.
[2023-09-05 18:39:26Z INFO ProcessInvokerWrapper] STDOUT/STDERR stream read finished.
[2023-09-05 18:39:26Z INFO ProcessInvokerWrapper] Finished process 17640 with exit code 102, and elapsed time 00:01:18.3202296.
[2023-09-05 18:39:26Z INFO JobDispatcher] Worker finished for job ca395085-040a-526b-2ce8-bdc85f692774. Code: 102
[2023-09-05 18:39:26Z INFO JobDispatcher] finish job request for job ca395085-040a-526b-2ce8-bdc85f692774 with result: Failed
[2023-09-05 18:39:26Z INFO Terminal] WRITE LINE: 2023-09-05 18:39:26Z: Job build completed with result: Failed
[2023-09-05 18:39:26Z INFO JobDispatcher] Stop renew job request for job ca395085-040a-526b-2ce8-bdc85f692774.
[2023-09-05 18:39:26Z INFO JobDispatcher] job renew has been cancelled, stop renew job request 121.
[2023-09-05 18:39:26Z INFO JobNotification] Entering JobCompleted Notification
[2023-09-05 18:39:26Z INFO JobNotification] Entering EndMonitor
[2023-09-05 18:45:52Z INFO RSAEncryptedFileKeyManager] Loading RSA key parameters from file C:\Data\demo\.credentials_rsaparams
[2023-09-05 18:45:52Z INFO MessageListener] Message '3' received from session '8c1cb8b8-90d5-4506-a915-10b60412fc7a'.
[2023-09-05 18:45:52Z INFO Runner] Received job message of length 19671 from service, with hash '8efc984b6dc83004a473697d6030525492120cc2ae58d6202a014f89fd9173e1'
[2023-09-05 18:45:52Z INFO JobDispatcher] Job request 122 for plan 1504d25e-c59c-44dc-9c78-1433d748a49c job ca395085-040a-526b-2ce8-bdc85f692774 received.
[2023-09-05 18:45:52Z INFO JobDispatcher] Pull OrchestrationId 1504d25e-c59c-44dc-9c78-1433d748a49c.build.__default from JWT claims
[2023-09-05 18:45:52Z INFO JobDispatcher] Job request ca395085-040a-526b-2ce8-bdc85f692774 processed succeed.
[2023-09-05 18:45:52Z INFO Terminal] WRITE LINE: 2023-09-05 18:45:52Z: Running job: build
[2023-09-05 18:45:52Z INFO JobDispatcher] Start renew job request 122 for job ca395085-040a-526b-2ce8-bdc85f692774.
[2023-09-05 18:45:53Z INFO JobDispatcher] Successfully renew job request 122, job is valid till 9/5/2023 6:55:53 PM
[2023-09-05 18:45:53Z INFO HostContext] Well known directory 'Bin': 'C:\Data\demo\bin'
[2023-09-05 18:45:53Z INFO ProcessInvokerWrapper] Starting process:
[2023-09-05 18:45:53Z INFO ProcessInvokerWrapper]   File name: 'C:\Data\demo\bin\Runner.Worker.exe'
[2023-09-05 18:45:53Z INFO ProcessInvokerWrapper]   Arguments: 'spawnclient 1568 1744'
[2023-09-05 18:45:53Z INFO ProcessInvokerWrapper]   Working directory: 'C:\Data\demo\bin'
[2023-09-05 18:45:53Z INFO ProcessInvokerWrapper]   Require exit code zero: 'False'
[2023-09-05 18:45:53Z INFO ProcessInvokerWrapper]   Encoding web name:  ; code page: ''
[2023-09-05 18:45:53Z INFO ProcessInvokerWrapper]   Force kill process on cancellation: 'True'
[2023-09-05 18:45:53Z INFO ProcessInvokerWrapper]   Redirected STDIN: 'False'
[2023-09-05 18:45:53Z INFO ProcessInvokerWrapper]   Persist current code page: 'False'
[2023-09-05 18:45:53Z INFO ProcessInvokerWrapper]   Keep redirected STDIN open: 'False'
[2023-09-05 18:45:53Z INFO ProcessInvokerWrapper]   High priority process: 'True'
[2023-09-05 18:45:53Z INFO ProcessInvokerWrapper] Process started with process id 13580, waiting for process exit.
[2023-09-05 18:45:53Z INFO JobDispatcher] Send job request message to worker for job ca395085-040a-526b-2ce8-bdc85f692774.
[2023-09-05 18:45:53Z INFO ProcessChannel] Sending message of length 19671, with hash '8efc984b6dc83004a473697d6030525492120cc2ae58d6202a014f89fd9173e1'
[2023-09-05 18:45:53Z INFO JobNotification] Entering JobStarted Notification
[2023-09-05 18:45:53Z INFO JobNotification] Entering StartMonitor
[2023-09-05 18:46:54Z INFO JobDispatcher] Successfully renew job request 122, job is valid till 9/5/2023 6:56:54 PM
[2023-09-05 18:47:34Z INFO ProcessInvokerWrapper] STDOUT/STDERR stream read finished.
[2023-09-05 18:47:34Z INFO ProcessInvokerWrapper] STDOUT/STDERR stream read finished.
[2023-09-05 18:47:34Z INFO ProcessInvokerWrapper] Finished process 13580 with exit code 102, and elapsed time 00:01:41.3815035.
[2023-09-05 18:47:34Z INFO JobDispatcher] Worker finished for job ca395085-040a-526b-2ce8-bdc85f692774. Code: 102
[2023-09-05 18:47:34Z INFO JobDispatcher] finish job request for job ca395085-040a-526b-2ce8-bdc85f692774 with result: Failed
[2023-09-05 18:47:34Z INFO Terminal] WRITE LINE: 2023-09-05 18:47:34Z: Job build completed with result: Failed
[2023-09-05 18:47:34Z INFO JobDispatcher] Stop renew job request for job ca395085-040a-526b-2ce8-bdc85f692774.
[2023-09-05 18:47:34Z INFO JobDispatcher] job renew has been cancelled, stop renew job request 122.
[2023-09-05 18:47:34Z INFO JobNotification] Entering JobCompleted Notification
[2023-09-05 18:47:34Z INFO JobNotification] Entering EndMonitor
